2026-03-14 16:44:05,109 - INFO - Starting fraud detection pipeline...
2026-03-14 16:44:05,109 - INFO - Step 1 : Ingestion
2026-03-14 16:44:26,619 - INFO - Step 2 : Data Quality Audit
2026-03-14 16:44:26,631 - INFO - Loading dataset...
2026-03-14 16:44:28,522 - INFO - Checking total number of rows...
2026-03-14 16:44:28,880 - INFO - Total number of rows: 1001000
2026-03-14 16:44:28,880 - INFO - Checking for null values...
2026-03-14 16:44:30,376 - INFO - Checking for duplicate transactions IDs...
2026-03-14 16:44:33,004 - INFO - Number of duplicate transaction IDs: 1000
2026-03-14 16:44:33,004 - INFO - Checking for negative transaction amounts...
2026-03-14 16:44:33,869 - INFO - Number of transactions with negative amounts: 500
2026-03-14 16:44:33,869 - INFO - Calculating transaction amounts statistics...
2026-03-14 16:44:34,915 - INFO - Step 3 : Data Cleaning
2026-03-14 16:44:34,922 - INFO - Loading raw dataset
2026-03-14 16:44:42,779 - INFO - Step 4 : Feature Engineering
2026-03-14 16:44:42,779 - INFO - Starting feature engineering...
2026-03-14 16:44:42,786 - INFO - Loading clean dataset...
2026-03-14 16:44:43,275 - INFO - Feature Engineering completed
2026-03-14 16:44:45,937 - INFO - Step 5 : Fraud Detection
2026-03-14 16:44:45,947 - INFO - Loading features dataset...
2026-03-14 16:44:46,164 - INFO - Fraud detection completed
2026-03-14 16:44:45,446 - INFO - Pipeline completed successfully!
2026-03-14 16:44:45,446 - INFO - Closing down clientserver connection
2026-03-14 16:46:50,947 - INFO - Starting fraud detection pipeline...
2026-03-14 16:46:50,947 - INFO - Step 1 : Ingestion
2026-03-14 16:47:01,293 - INFO - Reading raw transactions dataset...
2026-03-14 16:47:09,907 - INFO - Schema of dataset:
2026-03-14 16:47:09,912 - INFO - Preview of data:
2026-03-14 16:47:10,555 - INFO - Number of rows:
2026-03-14 16:47:13,339 - INFO - 1001000
2026-03-14 16:47:13,340 - INFO - Step 2 : Data Quality Audit
2026-03-14 16:47:13,376 - INFO - Loading dataset...
2026-03-14 16:47:16,701 - INFO - Checking total number of rows...
2026-03-14 16:47:17,275 - INFO - Total number of rows: 1001000
2026-03-14 16:47:17,276 - INFO - Checking for null values...
2026-03-14 16:47:19,422 - INFO - Checking for duplicate transactions IDs...
2026-03-14 16:47:22,546 - INFO - Number of duplicate transaction IDs: 1000
2026-03-14 16:47:22,547 - INFO - Checking for negative transaction amounts...
2026-03-14 16:47:23,236 - INFO - Number of transactions with negative amounts: 500
2026-03-14 16:47:23,237 - INFO - Calculating transaction amounts statistics...
2026-03-14 16:47:24,145 - INFO - Step 3 : Data Cleaning
2026-03-14 16:47:24,153 - INFO - Loading raw dataset
2026-03-14 16:47:25,600 - INFO - Initial number of rows: 1001000
2026-03-14 16:47:27,338 - INFO - Number of rows after removing duplicates: 1000000
2026-03-14 16:47:29,224 - INFO - Number of rows after filtering out negative amounts: 999500
2026-03-14 16:47:33,296 - INFO - Number of rows after removing nulls: 999001
2026-03-14 16:47:33,296 - INFO - Step 4 : Feature Engineering
2026-03-14 16:47:33,297 - INFO - Starting feature engineering...
2026-03-14 16:47:33,305 - INFO - Loading clean dataset...
2026-03-14 16:47:33,837 - INFO - Feature Engineering completed
2026-03-14 16:47:36,600 - INFO - Step 5 : Fraud Detection
2026-03-14 16:47:36,610 - INFO - Loading features dataset...
2026-03-14 16:47:36,894 - INFO - Fraud detection completed
2026-03-14 16:47:37,178 - INFO - Pipeline completed successfully!
2026-03-14 16:47:37,179 - INFO - Closing down clientserver connection
2026-03-14 17:07:36,108 - INFO - Starting fraud detection pipeline...
2026-03-14 17:07:36,109 - INFO - Step 1 : Ingestion
2026-03-14 17:07:48,220 - INFO - Reading raw transactions dataset...
2026-03-14 17:07:56,638 - INFO - Schema of dataset:
2026-03-14 17:07:56,642 - INFO - Preview of data:
2026-03-14 17:07:57,114 - INFO - Number of rows:
2026-03-14 17:07:58,146 - INFO - 1001000
2026-03-14 17:07:58,147 - INFO - Step 2 : Data Quality Audit
2026-03-14 17:07:58,160 - INFO - Loading dataset...
2026-03-14 17:07:59,690 - INFO - Checking total number of rows...
2026-03-14 17:08:00,058 - INFO - Total number of rows: 1001000
2026-03-14 17:08:00,058 - INFO - Checking for null values...
2026-03-14 17:08:01,408 - INFO - Checking for duplicate transactions IDs...
2026-03-14 17:08:04,055 - INFO - Number of duplicate transaction IDs: 1000
2026-03-14 17:08:04,056 - INFO - Checking for negative transaction amounts...
2026-03-14 17:08:04,899 - INFO - Number of transactions with negative amounts: 500
2026-03-14 17:08:04,900 - INFO - Calculating transaction amounts statistics...
2026-03-14 17:08:05,793 - INFO - Step 3 : Data Cleaning
2026-03-14 17:08:05,800 - INFO - Loading raw dataset
2026-03-14 17:08:07,096 - INFO - Step 4 : Feature Engineering
2026-03-14 17:08:07,097 - INFO - Starting feature engineering...
2026-03-14 17:08:07,100 - INFO - Loading clean dataset...
2026-03-14 17:08:07,652 - INFO - Feature Engineering completed
2026-03-14 17:08:11,026 - INFO - Step 5 : Fraud Detection
2026-03-14 17:08:11,034 - INFO - Loading features dataset...
2026-03-14 17:08:11,242 - INFO - Fraud detection completed
2026-03-14 17:08:11,525 - INFO - Pipeline completed successfully!
2026-03-14 17:08:11,525 - INFO - Closing down clientserver connection
2026-03-14 17:19:47,482 - INFO - ==================================================
2026-03-14 17:19:47,483 - INFO -  STARTING END-TO-END FRAUD DETECTION PIPELINE
2026-03-14 17:19:47,483 - INFO - ==================================================
2026-03-14 17:19:47,483 - INFO - Step 1/6 : Ingestion - Loading raw data...
2026-03-14 17:20:01,428 - INFO - Reading raw transactions dataset...
2026-03-14 17:20:10,377 - INFO - Schema of dataset:
2026-03-14 17:20:10,380 - INFO - Preview of data:
2026-03-14 17:20:10,842 - INFO - Number of rows:
2026-03-14 17:20:11,991 - INFO - 1001000
2026-03-14 17:20:11,991 - INFO - Step 2/6 : Data Quality Audit - Checking for inconsistencies...
2026-03-14 17:20:12,008 - INFO - Loading dataset...
2026-03-14 17:20:13,474 - INFO - Checking total number of rows...
2026-03-14 17:20:13,855 - INFO - Total number of rows: 1001000
2026-03-14 17:20:13,856 - INFO - Checking for null values...
2026-03-14 17:20:15,290 - INFO - Checking for duplicate transactions IDs...
2026-03-14 17:20:17,956 - INFO - Number of duplicate transaction IDs: 1000
2026-03-14 17:20:17,957 - INFO - Checking for negative transaction amounts...
2026-03-14 17:20:18,785 - INFO - Number of transactions with negative amounts: 500
2026-03-14 17:20:18,786 - INFO - Calculating transaction amounts statistics...
2026-03-14 17:20:18,871 - INFO - Step 3/6 : Data Cleaning - Removing duplicates and nulls...
2026-03-14 17:20:18,879 - INFO - Loading raw dataset
2026-03-14 17:20:19,917 - INFO - Step 4/6 : Feature Engineering - Generating behavioral metrics...
2026-03-14 17:20:19,917 - INFO - Starting feature engineering...
2026-03-14 17:20:19,921 - INFO - Loading clean dataset...
2026-03-14 17:20:20,475 - INFO - Feature Engineering completed
2026-03-14 17:20:23,428 - INFO - Step 5/6 : Fraud Detection - Applying business rules...
2026-03-14 17:20:23,434 - INFO - Loading features dataset...
2026-03-14 17:20:23,649 - INFO - Fraud detection completed
2026-03-14 17:20:23,933 - INFO - Step 6/6 : Fraud Analytics - Generating final report...
2026-03-14 17:20:23,939 - INFO - --- Starting Fraud Analytics Report ---
2026-03-14 17:20:24,697 - INFO - Total transactions analyzed: 999001
2026-03-14 17:20:24,698 - INFO - Fraud transactions detected: 499968
2026-03-14 17:20:24,698 - INFO - Current Fraud Rate: 50.05%
2026-03-14 17:20:24,698 - INFO - Top cities by fraud volume:
2026-03-14 17:20:25,367 - INFO - Fraud distribution by operator:
2026-03-14 17:20:25,745 - INFO - --- Analytics Report Completed ---
2026-03-14 17:20:25,745 - INFO - ==================================================
2026-03-14 17:20:25,745 - INFO -  PIPELINE COMPLETED SUCCESSFULLY!
2026-03-14 17:20:25,745 - INFO - ==================================================
2026-03-14 17:20:25,746 - INFO - Closing down clientserver connection
2026-03-15 12:09:50,800 - INFO - ==================================================
2026-03-15 12:09:50,803 - INFO -  STARTING END-TO-END FRAUD DETECTION PIPELINE
2026-03-15 12:09:50,803 - INFO - ==================================================
2026-03-15 12:09:50,803 - INFO - Step 1/6 : Ingestion - Loading raw data...
2026-03-15 12:10:05,517 - INFO - Reading raw transactions dataset...
2026-03-15 12:10:15,621 - INFO - Schema of dataset:
2026-03-15 12:10:15,626 - INFO - Preview of data:
2026-03-15 12:10:16,066 - INFO - Number of rows:
2026-03-15 12:10:17,045 - INFO - 1001000
2026-03-15 12:10:17,045 - INFO - Step 2/6 : Data Quality Audit - Checking for inconsistencies...
2026-03-15 12:10:17,058 - INFO - Loading dataset...
2026-03-15 12:10:18,541 - INFO - Checking total number of rows...
2026-03-15 12:10:18,938 - INFO - Total number of rows: 1001000
2026-03-15 12:10:18,938 - INFO - Checking for null values...
2026-03-15 12:10:20,442 - INFO - Checking for duplicate transactions IDs...
2026-03-15 12:10:23,148 - INFO - Number of duplicate transaction IDs: 1000
2026-03-15 12:10:23,149 - INFO - Checking for negative transaction amounts...
2026-03-15 12:10:23,890 - INFO - Number of transactions with negative amounts: 500
2026-03-15 12:10:23,890 - INFO - Calculating transaction amounts statistics...
2026-03-15 12:10:24,812 - INFO - Step 3/6 : Data Cleaning - Removing duplicates and nulls...
2026-03-15 12:10:24,818 - INFO - Loading raw dataset
2026-03-15 12:10:25,884 - INFO - Step 4/6 : Feature Engineering - Generating behavioral metrics...
2026-03-15 12:10:25,884 - INFO - Starting feature engineering...
2026-03-15 12:10:25,890 - INFO - Loading clean dataset...
2026-03-15 12:10:26,467 - INFO - Feature Engineering completed
2026-03-15 12:10:30,048 - INFO - Step 5/6 : Fraud Detection - Applying business rules...
2026-03-15 12:10:30,058 - INFO - Loading features dataset...
2026-03-15 12:10:30,287 - INFO - Fraud detection completed
2026-03-15 12:10:30,584 - INFO - Step 6/6 : Fraud Analytics - Generating final report...
2026-03-15 12:10:30,590 - INFO - --- Starting Fraud Analytics Report ---
2026-03-15 12:10:31,412 - INFO - Total transactions analyzed: 999001
2026-03-15 12:10:31,412 - INFO - Fraud transactions detected: 499968
2026-03-15 12:10:31,412 - INFO - Current Fraud Rate: 50.05%
2026-03-15 12:10:31,412 - INFO - Top cities by fraud volume:
2026-03-15 12:10:32,095 - INFO - Fraud distribution by operator:
2026-03-15 12:10:32,445 - INFO - --- Analytics Report Completed ---
2026-03-15 12:10:32,446 - INFO - ==================================================
2026-03-15 12:10:32,447 - INFO -  PIPELINE COMPLETED SUCCESSFULLY!
2026-03-15 12:10:32,447 - INFO - ==================================================
2026-03-15 12:10:32,447 - INFO - Closing down clientserver connection
